#
# There is insufficient memory for the Java Runtime Environment to continue.
# Native memory allocation (malloc) failed to allocate 32744 bytes for ChunkPool::allocate
# Possible reasons:
#   The system is out of physical RAM or swap space
#   In 32 bit mode, the process size limit was hit
# Possible solutions:
#   Reduce memory load on the system
#   Increase physical memory or swap space
#   Check if swap backing store is full
#   Use 64 bit Java on a 64 bit OS
#   Decrease Java heap size (-Xmx/-Xms)
#   Decrease number of Java threads
#   Decrease Java thread stack sizes (-Xss)
#   Set larger code cache with -XX:ReservedCodeCacheSize=
# This output file may be truncated or incomplete.
#
#  Out of Memory Error (allocation.cpp:273), pid=17924, tid=0x00000000000004d0
#
# JRE version: Java(TM) SE Runtime Environment (8.0_181-b13) (build 1.8.0_181-b13)
# Java VM: Java HotSpot(TM) 64-Bit Server VM (25.181-b13 mixed mode windows-amd64 compressed oops)
# Failed to write core dump. Minidumps are not enabled by default on client versions of Windows
#

---------------  T H R E A D  ---------------

Current thread (0x0000000019794800):  JavaThread "C1 CompilerThread3" daemon [_thread_in_native, id=1232, stack(0x000000001a0e0000,0x000000001a1e0000)]

Stack: [0x000000001a0e0000,0x000000001a1e0000]
[error occurred during error reporting (printing stack bounds), id 0xc0000005]

Native frames: (J=compiled Java code, j=interpreted, Vv=VM code, C=native code)


Current CompileTask:
C1:    919  295       3       java.net.URLStreamHandler::parseURL (1193 bytes)


---------------  P R O C E S S  ---------------

Java Threads: ( => current thread )
  0x0000000019924000 JavaThread "AsyncFileHandlerWriter-1229416514" daemon [_thread_blocked, id=12636, stack(0x000000001a3e0000,0x000000001a4e0000)]
  0x000000001981d800 JavaThread "Service Thread" daemon [_thread_blocked, id=19896, stack(0x000000001a1e0000,0x000000001a2e0000)]
=>0x0000000019794800 JavaThread "C1 CompilerThread3" daemon [_thread_in_native, id=1232, stack(0x000000001a0e0000,0x000000001a1e0000)]
  0x0000000019785800 JavaThread "C2 CompilerThread2" daemon [_thread_in_native, id=12460, stack(0x0000000019fe0000,0x000000001a0e0000)]
  0x0000000019772000 JavaThread "C2 CompilerThread1" daemon [_thread_in_native, id=13076, stack(0x0000000019ee0000,0x0000000019fe0000)]
  0x000000001971d800 JavaThread "C2 CompilerThread0" daemon [_thread_in_native, id=19448, stack(0x0000000019de0000,0x0000000019ee0000)]
  0x000000001971b000 JavaThread "Attach Listener" daemon [_thread_blocked, id=19176, stack(0x0000000019ce0000,0x0000000019de0000)]
  0x0000000019770000 JavaThread "Signal Dispatcher" daemon [_thread_blocked, id=22188, stack(0x0000000019be0000,0x0000000019ce0000)]
  0x0000000019700800 JavaThread "Finalizer" daemon [_thread_blocked, id=19052, stack(0x0000000019ae0000,0x0000000019be0000)]
  0x00000000177ec800 JavaThread "Reference Handler" daemon [_thread_blocked, id=12640, stack(0x00000000195e0000,0x00000000196e0000)]
  0x00000000027f2800 JavaThread "main" [_thread_in_Java, id=17844, stack(0x00000000026d0000,0x00000000027d0000)]

Other Threads:
  0x00000000177e8800 VMThread [stack: 0x00000000194e0000,0x00000000195e0000] [id=17264]
  0x0000000019837800 WatcherThread [stack: 0x000000001a2e0000,0x000000001a3e0000] [id=13780]

VM state:not at safepoint (normal execution)

VM Mutex/Monitor currently owned by a thread: None

Heap:
 PSYoungGen      total 37888K, used 7944K [0x00000000d6200000, 0x00000000d8c00000, 0x0000000100000000)
  eden space 32768K, 24% used [0x00000000d6200000,0x00000000d69c2018,0x00000000d8200000)
  from space 5120K, 0% used [0x00000000d8700000,0x00000000d8700000,0x00000000d8c00000)
  to   space 5120K, 0% used [0x00000000d8200000,0x00000000d8200000,0x00000000d8700000)
 ParOldGen       total 86016K, used 0K [0x0000000082600000, 0x0000000087a00000, 0x00000000d6200000)
  object space 86016K, 0% used [0x0000000082600000,0x0000000082600000,0x0000000087a00000)
 Metaspace       used 6355K, capacity 6510K, committed 6784K, reserved 1056768K
  class space    used 715K, capacity 790K, committed 896K, reserved 1048576K

Card table byte_map: [0x0000000011cb0000,0x00000000120a0000] byte_map_base: 0x000000001189d000

Marking Bits: (ParMarkBitMap*) 0x0000000070d62d00
 Begin Bits: [0x0000000012b40000, 0x0000000014aa8000)
 End Bits:   [0x0000000014aa8000, 0x0000000016a10000)

Polling page: 0x0000000000550000

CodeCache: size=245760Kb used=1766Kb max_used=1777Kb free=243993Kb
 bounds [0x00000000028f0000, 0x0000000002b60000, 0x00000000118f0000]
 total_blobs=581 nmethods=293 adapters=201
 compilation: enabled

Compilation events (10 events):
Event: 0.890 Thread 0x0000000019794800 nmethod 289 0x0000000002aa42d0 code [0x0000000002aa4440, 0x0000000002aa46f0]
Event: 0.891 Thread 0x0000000019772000 nmethod 286 0x0000000002aa9090 code [0x0000000002aa91e0, 0x0000000002aa96f8]
Event: 0.891 Thread 0x0000000019785800 nmethod 288 0x0000000002aab690 code [0x0000000002aab7c0, 0x0000000002aab918]
Event: 0.893 Thread 0x0000000019794800  290  s    3       java.lang.Throwable::fillInStackTrace (29 bytes)
Event: 0.894 Thread 0x0000000019794800 nmethod 290 0x0000000002aa8750 code [0x0000000002aa88c0, 0x0000000002aa8c68]
Event: 0.895 Thread 0x000000001971d800  292  s!   4       sun.misc.URLClassPath::getLoader (243 bytes)
Event: 0.897 Thread 0x0000000019772000  293  s    4       sun.misc.URLClassPath::getNextLoader (88 bytes)
Event: 0.901 Thread 0x0000000019794800  294       3       sun.net.www.protocol.file.Handler::parseURL (18 bytes)
Event: 0.901 Thread 0x0000000019794800 nmethod 294 0x0000000002aa8250 code [0x0000000002aa83c0, 0x0000000002aa8638]
Event: 0.901 Thread 0x0000000019794800  295       3       java.net.URLStreamHandler::parseURL (1193 bytes)

GC Heap History (0 events):
No events

Deoptimization events (0 events):
No events

Classes redefined (0 events):
No events

Internal exceptions (10 events):
Event: 0.371 Thread 0x00000000027f2800 Exception <a 'java/security/PrivilegedActionException'> (0x00000000d633c688) thrown at [C:\re\workspace\8-2-build-windows-amd64-cygwin\jdk8u181\11358\hotspot\src\share\vm\prims\jvm.cpp, line 1435]
Event: 0.499 Thread 0x00000000027f2800 Exception <a 'java/lang/ClassNotFoundException': org/apache/catalina/webresources/c/Handler> (0x00000000d65758d8) thrown at [C:\re\workspace\8-2-build-windows-amd64-cygwin\jdk8u181\11358\hotspot\src\share\vm\classfile\systemDictionary.cpp, line 210]
Event: 0.500 Thread 0x00000000027f2800 Exception <a 'java/lang/ClassNotFoundException': sun/net/www/protocol/c/Handler> (0x00000000d65769a8) thrown at [C:\re\workspace\8-2-build-windows-amd64-cygwin\jdk8u181\11358\hotspot\src\share\vm\classfile\systemDictionary.cpp, line 210]
Event: 0.503 Thread 0x00000000027f2800 Exception <a 'java/lang/ClassNotFoundException': org/apache/catalina/webresources/c/Handler> (0x00000000d657f338) thrown at [C:\re\workspace\8-2-build-windows-amd64-cygwin\jdk8u181\11358\hotspot\src\share\vm\classfile\systemDictionary.cpp, line 210]
Event: 0.503 Thread 0x00000000027f2800 Exception <a 'java/lang/ClassNotFoundException': sun/net/www/protocol/c/Handler> (0x00000000d65803c8) thrown at [C:\re\workspace\8-2-build-windows-amd64-cygwin\jdk8u181\11358\hotspot\src\share\vm\classfile\systemDictionary.cpp, line 210]
Event: 0.503 Thread 0x00000000027f2800 Exception <a 'java/lang/ClassNotFoundException': org/apache/catalina/webresources/c/Handler> (0x00000000d6581c40) thrown at [C:\re\workspace\8-2-build-windows-amd64-cygwin\jdk8u181\11358\hotspot\src\share\vm\classfile\systemDictionary.cpp, line 210]
Event: 0.504 Thread 0x00000000027f2800 Exception <a 'java/lang/ClassNotFoundException': sun/net/www/protocol/c/Handler> (0x00000000d6582cd0) thrown at [C:\re\workspace\8-2-build-windows-amd64-cygwin\jdk8u181\11358\hotspot\src\share\vm\classfile\systemDictionary.cpp, line 210]
Event: 0.504 Thread 0x00000000027f2800 Exception <a 'java/lang/ClassNotFoundException': org/apache/catalina/webresources/c/Handler> (0x00000000d65844c0) thrown at [C:\re\workspace\8-2-build-windows-amd64-cygwin\jdk8u181\11358\hotspot\src\share\vm\classfile\systemDictionary.cpp, line 210]
Event: 0.504 Thread 0x00000000027f2800 Exception <a 'java/lang/ClassNotFoundException': sun/net/www/protocol/c/Handler> (0x00000000d6585550) thrown at [C:\re\workspace\8-2-build-windows-amd64-cygwin\jdk8u181\11358\hotspot\src\share\vm\classfile\systemDictionary.cpp, line 210]
Event: 0.588 Thread 0x00000000027f2800 Exception <a 'java/lang/ClassNotFoundException': org/apache/catalina/webresources/jar/Handler> (0x00000000d65c4e58) thrown at [C:\re\workspace\8-2-build-windows-amd64-cygwin\jdk8u181\11358\hotspot\src\share\vm\classfile\systemDictionary.cpp, line 210]

Events (10 events):
Event: 0.903 loading class javax/naming/NameAlreadyBoundException
Event: 0.904 loading class javax/naming/NameAlreadyBoundException done
Event: 0.904 loading class org/apache/naming/TransactionRef
Event: 0.904 loading class org/apache/naming/TransactionRef done
Event: 0.905 loading class org/apache/naming/ResourceRef
Event: 0.905 loading class org/apache/naming/ResourceRef done
Event: 0.906 loading class org/apache/tomcat/util/descriptor/web/ContextEjb
Event: 0.906 loading class org/apache/tomcat/util/descriptor/web/ContextEjb done
Event: 0.908 loading class org/apache/naming/EjbRef
Event: 0.908 loading class org/apache/naming/EjbRef done


Dynamic libraries:
0x00007ff709270000 - 0x00007ff7092a7000 	C:\Program Files\Java\jdk1.8.0_181\bin\java.exe
0x00007ffb03700000 - 0x00007ffb038f0000 	C:\windows\SYSTEM32\ntdll.dll
0x00007ffb02dc0000 - 0x00007ffb02e72000 	C:\windows\System32\KERNEL32.DLL
0x00007ffb00860000 - 0x00007ffb00b05000 	C:\windows\System32\KERNELBASE.dll
0x00007ffb02e80000 - 0x00007ffb02f23000 	C:\windows\System32\ADVAPI32.dll
0x00007ffb03280000 - 0x00007ffb0331e000 	C:\windows\System32\msvcrt.dll
0x00007ffb02b00000 - 0x00007ffb02b97000 	C:\windows\System32\sechost.dll
0x00007ffb017b0000 - 0x00007ffb018cf000 	C:\windows\System32\RPCRT4.dll
0x00007ffb02fd0000 - 0x00007ffb03164000 	C:\windows\System32\USER32.dll
0x00007ffb006e0000 - 0x00007ffb00701000 	C:\windows\System32\win32u.dll
0x00007ffb03170000 - 0x00007ffb03196000 	C:\windows\System32\GDI32.dll
0x00007ffb00b10000 - 0x00007ffb00ca8000 	C:\windows\System32\gdi32full.dll
0x00007ffb00710000 - 0x00007ffb007ae000 	C:\windows\System32\msvcp_win.dll
0x00007ffb016b0000 - 0x00007ffb017aa000 	C:\windows\System32\ucrtbase.dll
0x00007ffaeeba0000 - 0x00007ffaeee24000 	C:\windows\WinSxS\amd64_microsoft.windows.common-controls_6595b64144ccf1df_6.0.18362.1316_none_9e7a364fe461dbd7\COMCTL32.dll
0x00007ffb03320000 - 0x00007ffb03657000 	C:\windows\System32\combase.dll
0x00007ffb00ea0000 - 0x00007ffb00f21000 	C:\windows\System32\bcryptPrimitives.dll
0x00007ffb02fa0000 - 0x00007ffb02fce000 	C:\windows\System32\IMM32.DLL
0x00000000714a0000 - 0x0000000071572000 	C:\Program Files\Java\jdk1.8.0_181\jre\bin\msvcr100.dll
0x0000000070540000 - 0x0000000070de2000 	C:\Program Files\Java\jdk1.8.0_181\jre\bin\server\jvm.dll
0x00007ffb01a00000 - 0x00007ffb01a08000 	C:\windows\System32\PSAPI.DLL
0x00007ffaf5070000 - 0x00007ffaf5079000 	C:\windows\SYSTEM32\WSOCK32.dll
0x00007ffb03210000 - 0x00007ffb0327f000 	C:\windows\System32\WS2_32.dll
0x00007ffafdb20000 - 0x00007ffafdb44000 	C:\windows\SYSTEM32\WINMM.dll
0x00007ffb00110000 - 0x00007ffb0011a000 	C:\windows\SYSTEM32\VERSION.dll
0x00007ffafd910000 - 0x00007ffafd93d000 	C:\windows\SYSTEM32\winmmbase.dll
0x00007ffb00ce0000 - 0x00007ffb00d2a000 	C:\windows\System32\cfgmgr32.dll
0x0000000071490000 - 0x000000007149f000 	C:\Program Files\Java\jdk1.8.0_181\jre\bin\verify.dll
0x0000000071460000 - 0x0000000071489000 	C:\Program Files\Java\jdk1.8.0_181\jre\bin\java.dll
0x0000000071440000 - 0x0000000071456000 	C:\Program Files\Java\jdk1.8.0_181\jre\bin\zip.dll
0x00007ffb02410000 - 0x00007ffb02af8000 	C:\windows\System32\SHELL32.dll
0x00007ffb01950000 - 0x00007ffb019f7000 	C:\windows\System32\shcore.dll
0x00007ffb00f30000 - 0x00007ffb016ab000 	C:\windows\System32\windows.storage.dll
0x00007ffb00600000 - 0x00007ffb00623000 	C:\windows\System32\profapi.dll
0x00007ffb00630000 - 0x00007ffb0067a000 	C:\windows\System32\powrprof.dll
0x00007ffb005b0000 - 0x00007ffb005c0000 	C:\windows\System32\UMPDC.dll
0x00007ffb031b0000 - 0x00007ffb03202000 	C:\windows\System32\shlwapi.dll
0x00007ffb005e0000 - 0x00007ffb005f1000 	C:\windows\System32\kernel.appcore.dll
0x00007ffb00e80000 - 0x00007ffb00e97000 	C:\windows\System32\cryptsp.dll
0x00000000713f0000 - 0x00000000713fd000 	C:\Program Files\Java\jdk1.8.0_181\jre\bin\management.dll

VM Arguments:
jvm_args: -Djava.util.logging.config.file=C:\Users\–Ï√Œ‘∆\AppData\Local\JetBrains\IntelliJIdea2020.3\tomcat\a8aded23-ad97-440c-9c35-35dde67dcc31\conf\logging.properties -Djava.util.logging.manager=org.apache.juli.ClassLoaderLogManager -Djdk.tls.ephemeralDHKeySize=2048 -Djava.protocol.handler.pkgs=org.apache.catalina.webresources -Dignore.endorsed.dirs= -Dcatalina.base=C:\Users\–Ï√Œ‘∆\AppData\Local\JetBrains\IntelliJIdea2020.3\tomcat\a8aded23-ad97-440c-9c35-35dde67dcc31 -Dcatalina.home=C:\360∞≤»´‰Ø¿¿∆˜œ¬‘ÿ\apache-tomcat-8.5.63 -Djava.io.tmpdir=C:\360∞≤»´‰Ø¿¿∆˜œ¬‘ÿ\apache-tomcat-8.5.63\temp 
java_command: org.apache.catalina.startup.Bootstrap stop
java_class_path (initial): C:\360∞≤»´‰Ø¿¿∆˜œ¬‘ÿ\apache-tomcat-8.5.63\bin\bootstrap.jar;C:\360∞≤»´‰Ø¿¿∆˜œ¬‘ÿ\apache-tomcat-8.5.63\bin\tomcat-juli.jar
Launcher Type: SUN_STANDARD

Environment Variables:
JAVA_HOME=C:\Program Files\Java\jdk1.8.0_181
JRE_HOME=C:\Program Files\Java\jdk1.8.0_181
CLASSPATH=C:\360∞≤»´‰Ø¿¿∆˜œ¬‘ÿ\apache-tomcat-8.5.63\bin\bootstrap.jar;C:\360∞≤»´‰Ø¿¿∆˜œ¬‘ÿ\apache-tomcat-8.5.63\bin\tomcat-juli.jar
PATH="C:\Program Files\Java\jdk1.8.0_181\bin;C:\Program Files (x86)\Common Files\Oracle\Java\javapath";C:\windows\system32;C:\windows;C:\windows\System32\Wbem;C:\windows\System32\WindowsPowerShell\v1.0\;C:\windows\System32\OpenSSH\;c:\Program Files (x86)\Microsoft SQL Server\100\Tools\Binn\;c:\Program Files\Microsoft SQL Server\100\Tools\Binn\;c:\Program Files\Microsoft SQL Server\100\DTS\Binn\;c:\Program Files (x86)\Microsoft SQL Server\100\Tools\Binn\VSShell\Common7\IDE\;c:\Program Files (x86)\Microsoft SQL Server\100\DTS\Binn\;C:\Program Files\Git\cmd;C:\Users\–Ï√Œ‘∆\AppData\Local\Programs\Python\Python38\Scripts\;C:\Users\–Ï√Œ‘∆\AppData\Local\Programs\Python\Python38\;C:\Users\–Ï√Œ‘∆\AppData\Local\Programs\Python\Python38-32\Scripts\;C:\Users\–Ï√Œ‘∆\AppData\Local\Programs\Python\Python38-32\;C:\Users\–Ï√Œ‘∆\AppData\Local\Microsoft\WindowsApps;
USERNAME=–Ï√Œ‘∆
OS=Windows_NT
PROCESSOR_IDENTIFIER=Intel64 Family 6 Model 142 Stepping 12, GenuineIntel



---------------  S Y S T E M  ---------------

OS: Windows 10.0 , 64 bit Build 18362 (10.0.18362.1316)

CPU:total 8 (initial active 8) (4 cores per cpu, 2 threads per core) family 6 model 142 stepping 12, cmov, cx8, fxsr, mmx, sse, sse2, sse3, ssse3, sse4.1, sse4.2, popcnt, avx, avx2, aes, clmul, erms, 3dnowpref, lzcnt, ht, tsc, tscinvbit, bmi1, bmi2, adx

Memory: 4k page, physical 8231020k(487280k free), swap 33396844k(4k free)

vm_info: Java HotSpot(TM) 64-Bit Server VM (25.181-b13) for windows-amd64 JRE (1.8.0_181-b13), built on Jul  7 2018 04:01:33 by "java_re" with MS VC++ 10.0 (VS2010)

time: Sun Apr 11 20:24:47 2021
elapsed time: 0 seconds (0d 0h 0m 0s)

